<?xml version="1.0" encoding="UTF-8"?>
<!-- Generated by org.testng.reporters.JUnitReportReporter -->
<testsuite hostname="DESKTOP-1SUN1R3" failures="0" tests="1" name="scripts.TC1" time="11.895" errors="0" timestamp="2023-09-10T11:41:42 IST" skipped="0">
  <testcase classname="scripts.TC1" name="tc1" time="11.895"/>
</testsuite> <!-- scripts.TC1 -->
