<?xml version="1.0" encoding="UTF-8"?>
<!-- Generated by org.testng.reporters.JUnitReportReporter -->
<testsuite hostname="DESKTOP-1SUN1R3" failures="0" tests="1" name="scripts.Test1" time="9.436" errors="0" timestamp="2023-09-06T12:58:28 IST" skipped="0">
  <testcase classname="scripts.Test1" name="tc1" time="9.436"/>
</testsuite> <!-- scripts.Test1 -->
